<?xml version="1.0" encoding="UTF-8"?>
<!-- Generated by org.testng.reporters.JUnitReportReporter -->
<testsuite hostname="mindc1d277" failures="0" tests="10" name="com.md.runner.TestC" time="34.896" errors="0" timestamp="2022-06-05T16:05:55 IST" skipped="0">
  <testcase classname="com.md.runner.TestC" name="test1" time="3.538"/>
  <system-out/>
  <testcase classname="com.md.runner.TestC" name="test2" time="1.556"/>
  <system-out/>
  <testcase classname="com.md.runner.TestC" name="test3" time="3.325"/>
  <system-out/>
  <testcase classname="com.md.runner.TestC" name="test4" time="0.936"/>
  <system-out/>
  <testcase classname="com.md.runner.TestC" name="test5" time="10.865"/>
  <system-out/>
  <testcase classname="com.md.runner.TestC" name="test6" time="3.052"/>
  <system-out/>
  <testcase classname="com.md.runner.TestC" name="test7" time="2.543"/>
  <system-out/>
  <testcase classname="com.md.runner.TestC" name="test8" time="3.524"/>
  <system-out/>
  <testcase classname="com.md.runner.TestC" name="test9" time="2.525"/>
  <system-out/>
  <testcase classname="com.md.runner.TestC" name="test10" time="3.032"/>
  <system-out/>
</testsuite> <!-- com.md.runner.TestC -->
