<?xml version="1.0" encoding="UTF-8"?>
<!-- Generated by org.testng.reporters.JUnitReportReporter -->
<testsuite hostname="mindc1d277" failures="0" tests="1" name="com.mindtree.runner.MainClass" time="2.198" errors="0" timestamp="2022-06-04T09:39:55 IST" skipped="0">
  <testcase classname="com.mindtree.runner.MainClass" name="TestCase" time="2.198"/>
  <system-out/>
</testsuite> <!-- com.mindtree.runner.MainClass -->
